1475860368641	addons.manager	DEBUG	Application has been upgraded
1475860368668	addons.manager	DEBUG	Loaded provider scope for resource://gre/modules/addons/XPIProvider.jsm: ["XPIProvider"]
1475860368669	addons.manager	DEBUG	Loaded provider scope for resource://gre/modules/LightweightThemeManager.jsm: ["LightweightThemeManager"]
1475860368673	addons.manager	DEBUG	Loaded provider scope for resource://gre/modules/addons/GMPProvider.jsm
1475860368674	addons.manager	DEBUG	Loaded provider scope for resource://gre/modules/addons/PluginProvider.jsm
1475860368674	addons.manager	DEBUG	Starting provider: XPIProvider
1475860368675	addons.xpi	DEBUG	startup
1475860368675	addons.xpi	INFO	SystemAddonInstallLocation directory is missing
1475860368676	addons.xpi	INFO	Mapping e10srollout@mozilla.org to C:\Program Files (x86)\Mozilla Firefox\browser\features\e10srollout@mozilla.org.xpi
1475860368676	addons.xpi	INFO	Mapping firefox@getpocket.com to C:\Program Files (x86)\Mozilla Firefox\browser\features\firefox@getpocket.com.xpi
1475860368676	addons.xpi	INFO	Mapping webcompat@mozilla.org to C:\Program Files (x86)\Mozilla Firefox\browser\features\webcompat@mozilla.org.xpi
1475860368677	addons.xpi	INFO	Mapping {972ce4c6-7e08-4474-a285-3208198ce6fd} to C:\Program Files (x86)\Mozilla Firefox\browser\extensions\{972ce4c6-7e08-4474-a285-3208198ce6fd}.xpi
1475860368677	addons.xpi	DEBUG	checkForChanges
1475860368677	addons.xpi	DEBUG	Loaded add-on state from prefs: {}
1475860368678	addons.xpi	DEBUG	New add-on e10srollout@mozilla.org in app-system-defaults
1475860368678	addons.xpi	DEBUG	getModTime: Recursive scan of e10srollout@mozilla.org
1475860368679	addons.xpi	DEBUG	New add-on firefox@getpocket.com in app-system-defaults
1475860368679	addons.xpi	DEBUG	getModTime: Recursive scan of firefox@getpocket.com
1475860368679	addons.xpi	DEBUG	New add-on webcompat@mozilla.org in app-system-defaults
1475860368679	addons.xpi	DEBUG	getModTime: Recursive scan of webcompat@mozilla.org
1475860368680	addons.xpi	DEBUG	New add-on {972ce4c6-7e08-4474-a285-3208198ce6fd} in app-global
1475860368680	addons.xpi	DEBUG	getModTime: Recursive scan of {972ce4c6-7e08-4474-a285-3208198ce6fd}
1475860368680	addons.xpi	DEBUG	getInstallState changed: true, state: {"app-system-defaults":{"e10srollout@mozilla.org":{"d":"C:\\Program Files (x86)\\Mozilla Firefox\\browser\\features\\e10srollout@mozilla.org.xpi","st":1474593363483},"firefox@getpocket.com":{"d":"C:\\Program Files (x86)\\Mozilla Firefox\\browser\\features\\firefox@getpocket.com.xpi","st":1474593363520},"webcompat@mozilla.org":{"d":"C:\\Program Files (x86)\\Mozilla Firefox\\browser\\features\\webcompat@mozilla.org.xpi","st":1474593363521}},"app-global":{"{972ce4c6-7e08-4474-a285-3208198ce6fd}":{"d":"C:\\Program Files (x86)\\Mozilla Firefox\\browser\\extensions\\{972ce4c6-7e08-4474-a285-3208198ce6fd}.xpi","st":1474593363482}}}
1475860368686	addons.xpi-utils	DEBUG	Opening XPI database C:\Users\lucasle\AppData\Local\Temp\rust_mozprofile.kyscxCFfLZDa\extensions.json
1475860368687	addons.xpi-utils	DEBUG	New add-on e10srollout@mozilla.org installed in app-system-defaults
*** Blocklist::_loadBlocklistFromFile: blocklist is disabled
1475860368694	DeferredSave.extensions.json	DEBUG	Save changes
1475860368694	addons.xpi-utils	DEBUG	New add-on firefox@getpocket.com installed in app-system-defaults
1475860368697	DeferredSave.extensions.json	DEBUG	Starting timer
1475860368698	DeferredSave.extensions.json	DEBUG	Save changes
1475860368698	addons.xpi-utils	DEBUG	New add-on webcompat@mozilla.org installed in app-system-defaults
1475860368701	DeferredSave.extensions.json	DEBUG	Save changes
1475860368701	addons.xpi-utils	DEBUG	New add-on {972ce4c6-7e08-4474-a285-3208198ce6fd} installed in app-global
1475860368704	DeferredSave.extensions.json	DEBUG	Save changes
1475860368709	addons.xpi	DEBUG	Loading bootstrap scope from C:\Program Files (x86)\Mozilla Firefox\browser\features\e10srollout@mozilla.org.xpi
1475860368717	addons.xpi	DEBUG	Calling bootstrap method install on e10srollout@mozilla.org version 1.2
1475860368718	addons.xpi-utils	DEBUG	Make addon app-system-defaults:e10srollout@mozilla.org visible
1475860368718	DeferredSave.extensions.json	DEBUG	Save changes
1475860368718	addons.xpi	DEBUG	Loading bootstrap scope from C:\Program Files (x86)\Mozilla Firefox\browser\features\firefox@getpocket.com.xpi
1475860368721	addons.xpi	DEBUG	Calling bootstrap method install on firefox@getpocket.com version 1.0.4
1475860368721	addons.xpi-utils	DEBUG	Make addon app-system-defaults:firefox@getpocket.com visible
1475860368721	DeferredSave.extensions.json	DEBUG	Save changes
1475860368722	addons.xpi	DEBUG	Loading bootstrap scope from C:\Program Files (x86)\Mozilla Firefox\browser\features\webcompat@mozilla.org.xpi
1475860368723	addons.xpi	DEBUG	Calling bootstrap method install on webcompat@mozilla.org version 1.0
1475860368723	addons.xpi-utils	DEBUG	Make addon app-system-defaults:webcompat@mozilla.org visible
1475860368724	DeferredSave.extensions.json	DEBUG	Save changes
1475860368724	addons.xpi-utils	DEBUG	Make addon app-global:{972ce4c6-7e08-4474-a285-3208198ce6fd} visible
1475860368724	DeferredSave.extensions.json	DEBUG	Save changes
1475860368724	addons.xpi	DEBUG	Updating XPIState for {"id":"e10srollout@mozilla.org","syncGUID":"enpqnYPFd3lz","location":"app-system-defaults","version":"1.2","type":"extension","internalName":null,"updateURL":null,"updateKey":null,"optionsURL":null,"optionsType":null,"aboutURL":null,"icons":{},"iconURL":null,"icon64URL":null,"defaultLocale":{"name":"Multi-process staged rollout","description":"Staged rollout of Firefox multi-process feature.","creator":null,"homepageURL":null},"visible":true,"active":true,"userDisabled":false,"appDisabled":false,"descriptor":"C:\\Program Files (x86)\\Mozilla Firefox\\browser\\features\\e10srollout@mozilla.org.xpi","installDate":1474593363483,"updateDate":1474593363483,"applyBackgroundUpdates":1,"bootstrap":true,"skinnable":false,"size":5716,"sourceURI":null,"releaseNotesURI":null,"softDisabled":false,"foreignInstall":false,"hasBinaryComponents":false,"strictCompatibility":false,"locales":[],"targetApplications":[{"id":"{ec8030f7-c20a-464f-9b0e-13a3a9e97384}","minVersion":"49.0.1","maxVersion":"49.*"}],"targetPlatforms":[],"multiprocessCompatible":false,"seen":true}
1475860368724	addons.xpi	DEBUG	getModTime: Recursive scan of e10srollout@mozilla.org
1475860368725	addons.xpi	DEBUG	Updating XPIState for {"id":"firefox@getpocket.com","syncGUID":"LeVKxSOS9FK7","location":"app-system-defaults","version":"1.0.4","type":"extension","internalName":null,"updateURL":null,"updateKey":null,"optionsURL":null,"optionsType":null,"aboutURL":null,"icons":{},"iconURL":null,"icon64URL":null,"defaultLocale":{"name":"Pocket","description":"When you find something you want to view later, put it in Pocket.","creator":null,"homepageURL":null},"visible":true,"active":true,"userDisabled":false,"appDisabled":false,"descriptor":"C:\\Program Files (x86)\\Mozilla Firefox\\browser\\features\\firefox@getpocket.com.xpi","installDate":1474593363520,"updateDate":1474593363520,"applyBackgroundUpdates":1,"bootstrap":true,"skinnable":false,"size":895473,"sourceURI":null,"releaseNotesURI":null,"softDisabled":false,"foreignInstall":false,"hasBinaryComponents":false,"strictCompatibility":false,"locales":[],"targetApplications":[{"id":"{ec8030f7-c20a-464f-9b0e-13a3a9e97384}","minVersion":"49.0.1","maxVersion":"49.*"}],"targetPlatforms":[],"multiprocessCompatible":false,"seen":true}
1475860368725	addons.xpi	DEBUG	getModTime: Recursive scan of firefox@getpocket.com
1475860368725	addons.xpi	DEBUG	Updating XPIState for {"id":"webcompat@mozilla.org","syncGUID":"uiATH2_o1NtC","location":"app-system-defaults","version":"1.0","type":"extension","internalName":null,"updateURL":null,"updateKey":null,"optionsURL":null,"optionsType":null,"aboutURL":null,"icons":{},"iconURL":null,"icon64URL":null,"defaultLocale":{"name":"Web Compat","description":"Urgent post-release fixes for web compatibility.","creator":null,"homepageURL":null},"visible":true,"active":true,"userDisabled":false,"appDisabled":false,"descriptor":"C:\\Program Files (x86)\\Mozilla Firefox\\browser\\features\\webcompat@mozilla.org.xpi","installDate":1474593363521,"updateDate":1474593363521,"applyBackgroundUpdates":1,"bootstrap":true,"skinnable":false,"size":1502,"sourceURI":null,"releaseNotesURI":null,"softDisabled":false,"foreignInstall":false,"hasBinaryComponents":false,"strictCompatibility":false,"locales":[],"targetApplications":[{"id":"{ec8030f7-c20a-464f-9b0e-13a3a9e97384}","minVersion":"49.0.1","maxVersion":"49.*"}],"targetPlatforms":[],"multiprocessCompatible":false,"seen":true}
1475860368725	addons.xpi	DEBUG	getModTime: Recursive scan of webcompat@mozilla.org
1475860368726	addons.xpi	DEBUG	Updating XPIState for {"id":"{972ce4c6-7e08-4474-a285-3208198ce6fd}","syncGUID":"B4FOolA8VRTH","location":"app-global","version":"49.0.1","type":"theme","internalName":"classic/1.0","updateURL":null,"updateKey":null,"optionsURL":null,"optionsType":null,"aboutURL":null,"icons":{"32":"icon.png","48":"icon.png"},"iconURL":null,"icon64URL":null,"defaultLocale":{"name":"Default","description":"The default theme.","creator":"Mozilla","homepageURL":null,"contributors":["Mozilla Contributors"]},"visible":true,"active":true,"userDisabled":false,"appDisabled":false,"descriptor":"C:\\Program Files (x86)\\Mozilla Firefox\\browser\\extensions\\{972ce4c6-7e08-4474-a285-3208198ce6fd}.xpi","installDate":1474593363482,"updateDate":1474593363482,"applyBackgroundUpdates":1,"skinnable":true,"size":21905,"sourceURI":null,"releaseNotesURI":null,"softDisabled":false,"foreignInstall":false,"hasBinaryComponents":false,"strictCompatibility":true,"locales":[],"targetApplications":[{"id":"{ec8030f7-c20a-464f-9b0e-13a3a9e97384}","minVersion":"49.0.1","maxVersion":"49.0.1"}],"targetPlatforms":[],"seen":true}
1475860368726	addons.xpi	DEBUG	getModTime: Recursive scan of {972ce4c6-7e08-4474-a285-3208198ce6fd}
1475860368726	DeferredSave.extensions.json	DEBUG	Save changes
1475860368726	addons.xpi	DEBUG	Updating database with changes to installed add-ons
1475860368726	addons.xpi-utils	DEBUG	Updating add-on states
1475860368727	addons.xpi-utils	DEBUG	Writing add-ons list
1475860368729	addons.xpi	DEBUG	Registering manifest for C:\Program Files (x86)\Mozilla Firefox\browser\features\e10srollout@mozilla.org.xpi
1475860368730	addons.xpi	DEBUG	Calling bootstrap method startup on e10srollout@mozilla.org version 1.2
1475860368730	addons.xpi	DEBUG	Registering manifest for C:\Program Files (x86)\Mozilla Firefox\browser\features\firefox@getpocket.com.xpi
1475860368730	addons.xpi	DEBUG	Calling bootstrap method startup on firefox@getpocket.com version 1.0.4
1475860368731	addons.xpi	DEBUG	Registering manifest for C:\Program Files (x86)\Mozilla Firefox\browser\features\webcompat@mozilla.org.xpi
1475860368731	addons.xpi	DEBUG	Calling bootstrap method startup on webcompat@mozilla.org version 1.0
1475860368732	addons.manager	DEBUG	Registering shutdown blocker for XPIProvider
1475860368733	addons.manager	DEBUG	Provider finished startup: XPIProvider
1475860368733	addons.manager	DEBUG	Starting provider: LightweightThemeManager
1475860368733	addons.manager	DEBUG	Registering shutdown blocker for LightweightThemeManager
1475860368733	addons.manager	DEBUG	Provider finished startup: LightweightThemeManager
1475860368733	addons.manager	DEBUG	Starting provider: GMPProvider
1475860368738	addons.manager	DEBUG	Registering shutdown blocker for GMPProvider
1475860368738	addons.manager	DEBUG	Provider finished startup: GMPProvider
1475860368739	addons.manager	DEBUG	Starting provider: PluginProvider
1475860368739	addons.manager	DEBUG	Registering shutdown blocker for PluginProvider
1475860368739	addons.manager	DEBUG	Provider finished startup: PluginProvider
1475860368739	addons.manager	DEBUG	Completed startup sequence
1475860368911	Marionette	INFO	Listening on port 58755
1475860369187	addons.manager	DEBUG	Starting provider: <unnamed-provider>
1475860369187	addons.manager	DEBUG	Registering shutdown blocker for <unnamed-provider>
1475860369187	addons.manager	DEBUG	Provider finished startup: <unnamed-provider>
1475860369216	addons.manager	DEBUG	Starting provider: PreviousExperimentProvider
1475860369216	addons.manager	DEBUG	Registering shutdown blocker for PreviousExperimentProvider
1475860369216	addons.manager	DEBUG	Provider finished startup: PreviousExperimentProvider
1475860369218	DeferredSave.extensions.json	DEBUG	Starting write
1475860369331	DeferredSave.extensions.json	DEBUG	Write succeeded
1475860369331	addons.xpi-utils	DEBUG	XPI Database saved, setting schema version preference to 17
[Child 19048] WARNING: pipe error: 109: file c:/builds/moz2_slave/m-rel-w32-00000000000000000000/build/src/ipc/chromium/src/chrome/common/ipc_channel_win.cc, line 346
[Child 19048] WARNING: pipe error: 109: file c:/builds/moz2_slave/m-rel-w32-00000000000000000000/build/src/ipc/chromium/src/chrome/common/ipc_channel_win.cc, line 346
1475860369980	Marionette	INFO	startBrowser 9191fb50-eaac-418b-9ced-2890ff664bf4
JavaScript error: resource://gre/modules/debug.js, line 50: TypeError: access to strict mode caller function is censored
1475860388974	addons.xpi	DEBUG	Calling bootstrap method shutdown on e10srollout@mozilla.org version 1.2
1475860388974	addons.xpi	DEBUG	Calling bootstrap method shutdown on firefox@getpocket.com version 1.0.4
1475860388974	addons.xpi	DEBUG	Calling bootstrap method shutdown on webcompat@mozilla.org version 1.0
1475860389136	addons.manager	DEBUG	shutdown
1475860389136	addons.manager	DEBUG	Calling shutdown blocker for XPIProvider
1475860389136	addons.xpi	DEBUG	shutdown
1475860389136	addons.xpi-utils	DEBUG	shutdown
1475860389137	addons.manager	DEBUG	Calling shutdown blocker for LightweightThemeManager
1475860389138	addons.manager	DEBUG	Calling shutdown blocker for GMPProvider
1475860389139	addons.manager	DEBUG	Calling shutdown blocker for PluginProvider
1475860389140	addons.manager	DEBUG	Calling shutdown blocker for <unnamed-provider>
1475860389141	a1475860403086	addons.xpi	DEBUG	Calling bootstrap method shutdown on e10srollout@mozilla.org version 1.2
1475860403094	addons.xpi	DEBUG	Calling bootstrap method shutdo1475860403169	addons.xpi	DEBUG	Calling bootstrap method shutdown on e10srollout@mozilla.org version 1.2
1475860403172	addons.xpi	DEBUG	Calling bo[Child 12664] ###!!! ABORT: Aborting on channel error.: file c:/builds/moz2_slave/m-rel-w32-00000000000000000000/build/src/ipc/glue/MessageChannel.cpp, line 2052
ing [Child 15308] WARNING: pipe error: 109: file c:/builds/moz2_slave/m-rel-w32-00000000000000000000/build/src/ipc/chromium/src/chrome/common/ipc_channel_win.cc, line 346
[Child 14972] WARNING: pipe error: 109: file c:/builds/moz2_slave/m-rel-w32-00000000000000000000/build/src/ipc/chromium/src/chrome/common/ipc_channel_win.cc, line 346

###!!! [Parent][MessageChannel] Error: (msgtype=0x2C007A,name=PBrowser::Msg_Destroy) Closed channel: cannot send/recv

[Child 14972] WARNING: pipe error: 109: file c:/builds/moz2_slave/m-rel-w32-00000000000000000000/build/src/ipc/chromium/src/chrome/common/ipc_channel_win.cc, line 346

###!!! [Child][MessageChannel] Error: (msgtype=0x2C0001,name=PBrowser::Msg_AsyncMessage) Closed channel: cannot send/recv

JavaScript error: chrome://browser/content/tab-content.js, line 311: NS_ERROR_UNEXPECTED: Component returned failure code: 0x8000ffff (NS_ERROR_UNEXPECTED) [nsIMessageSender.sendAsyncMessage]

###!!! [Child][MessageChannel] Error: (msgtype=0x2C0001,name=PBrowser::Msg_AsyncMessage) Closed channel: cannot send/recv

JavaScript error: chrome://browser/content/content.js, line 653: NS_ERROR_UNEXPECTED: Component returned failure code: 0x8000ffff (NS_ERROR_UNEXPECTED) [nsIMessageSender.sendAsyncMessage]

###!!! [Child][MessageChannel] Error: (msgtype=0x2C0001,name=PBrowser::Msg_AsyncMessage) Closed channel: cannot send/recv

JavaScript error: chrome://global/content/browser-child.js, line 115: NS_ERROR_UNEXPECTED: Component returned failure code: 0x8000ffff (NS_ERROR_UNEXPECTED) [nsIMessageSender.sendAsyn
###!!! [Child][MessageChannel] Error: (msgtype=0x7,name=PAPZ::Msg_UpdateZoomConstraints) Closed channel: cannot send/recv


###!!! [Child][MessageChannel] Error: (msgtype=0x2C002A,name=PBrowser::Msg_SetInputContext) Closed channel: cannot send/recv

147586040351475860403590	addons.manager	DEBUG	shutdown
1475860403592	addons.manager	DEBUG	Calling shutdown blocker for XPIProvider
1475860403593	addons.xpi	DEBUG	shutdown
1475860403593	addons.xpi-utils	DEBUG	shutdown
1475860403593	addons.manager	DEBUG	Calling shutdown blocker for LightweightThemeManager
1475860403594	addons.manager	DEBUG	Calling shutdown blocker for GMPProvider
1475860403596	addons.manager	DEBUG	Calling shutdown blocker for PluginProvider
1475860403597	addons.manager	DEBUG	Calling shutdown blocker for <unnamed-provider>
1475860403598	addons.manager	DEBUG	Calling shutdown blocker for PreviousExperimentProvider
1475860403602	addons.xpi	DEBUG	Notifying XPI shutdown observers
1475860403607	addons.manager	DEBUG	Async provider shutdown done
js 750 this.PromiseWalker.scheduleWalkerLoop/<

console.trace: 
_fronts/inspector.js 760 WalkerFront<.getMutations</<
_/Promise-backend.js 937 Handler.prototype.process
_/Promise-backend.js 816 this.PromiseWalker.walkerLoop
_/Promise-backend.js 750 this.PromiseWalker.scheduleWalkerLoop/<

console.trace: 
_fronts/inspector.js 760 WalkerFront<.getMutations</<
_/Promise-backend.js 937 Handler.prototype.process
_/Promise-backend.js 816 this.PromiseWalker.walkerLoop
_/Promise-backend.js 750 this.PromiseWalker.scheduleWalkerLoop/<

console.trace: 
_fronts/inspector.js 760 WalkerFront<.getMutations</<
_/Promise-backend.js 937 Handler.prototype.process
_/Promise-backend.js 816 this.PromiseWalker.walkerLoop
_/Promise-backend.js 750 this.PromiseWalker.scheduleWalkerLoop/<

console.trace: 
_fronts/inspector.js 760 WalkerFront<.getMutations</<
_/Promise-backend.js 937 Handler.prototype.process
_/Promise-backend.js 816 this.PromiseWalker.walkerLoop
_/Promise-backend.js 750 this.PromiseWalker.scheduleWalkerLoop/<

console.trace: 
_fronts/inspector.js 760 WalkerFront<.getMutations</<
_/Promise-backend.js 937 Handler.prototype.process
_/Promise-backend.js 816 this.PromiseWalker.walkerLoop
_/Promise-backend.js 750 this.PromiseWalker.scheduleWalkerLoop/<

console.trace: 
_fronts/inspector.js 760 WalkerFront<.getMutations</<
_/Promise-backend.js 937 Handler.prototype.process
_/Promise-backend.js 816 this.PromiseWalker.walkerLoop
_/Promise-backend.js 750 this.PromiseWalker.scheduleWalkerLoop/<

console.trace: 
_fronts/inspector.js 760 WalkerFront<.getMutations</<
_/Promise-backend.js 937 Handler.prototype.process
_/Promise-backend.js 816 this.PromiseWalker.walkerLoop
_/Promise-backend.js 750 this.PromiseWalker.scheduleWalkerLoop/<

console.trace: 
_fronts/inspector.js 760 WalkerFront<.getMutations</<
_/Promise-backend.js 937 Handler.prototype.process
_/Promise-backend.js 816 this.PromiseWalker.walkerLoop
_/Promise-backend.js 750 this.PromiseWalker.scheduleWalkerLoop/<

console.trace: 
_fronts/inspector.js 760 WalkerFront<.getMutations</<
_/Promise-backend.js 937 Handler.prototype.process
_/Promise-backend.js 816 this.PromiseWalker.walkerLoop
_/Promise-backend.js 750 this.PromiseWalker.scheduleWalkerLoop/<

console.trace: 
_fronts/inspector.js 760 WalkerFront<.getMutations</<
_/Promise-backend.js 937 Handler.prototype.process
_/Promise-backend.js 816 this.PromiseWalker.walkerLoop
_/Promise-backend.js 750 this.PromiseWalker.scheduleWalkerLoop/<

console.trace: 
_fronts/inspector.js 760 WalkerFront<.getMutations</<
_/Promise-backend.js 937 Handler.prototype.process
_/Promise-backend.js 816 this.PromiseWalker.walkerLoop
_/Promise-backend.js 750 this.PromiseWalker.scheduleWalkerLoop/<

console.trace: 
_fronts/inspector.js 760 WalkerFront<.getMutations</<
_/Promise-backend.js 937 Handler.prototype.process
_/Promise-backend.js 816 this.PromiseWalker.walkerLoop
_/Promise-backend.js 750 this.PromiseWalker.scheduleWalkerLoop/<

1475855029902	addons.xpi	DEBUG	Calling bootstrap method shutdown on e10srollout@mozilla.org version 1.2
1475855029902	addons.xpi	DEBUG	Calling bootstrap method shutdown on firefox@getpocket.com version 1.0.4
1475855029902	addons.xpi	DEBUG	Calling bootstrap method shutdown on webcompat@mozilla.org version 1.0
[Child 15920] WARNING: pipe error: 109: file c:/builds/moz2_slave/m-rel-w32-00000000000000000000/build/src/ipc/chromium/src/chrome/common/ipc_channel_win.cc, line 346

###!!! [Child][MessageChannel] Error: (msgtype=0x4600BB,name=PContent::Msg_ConsoleMessage) Channel closing: too late to send/recv, messages will be lost

1475855030258	addons.manager	DEBUG	shutdown
1475855030259	addons.manager	DEBUG	Calling shutdown blocker for XPIProvider
1475855030259	addons.xpi	DEBUG	shutdown
1475855030259	addons.xpi-utils	DEBUG	shutdown
1475855030259	addons.manager	DEBUG	Calling shutdown blocker for LightweightThemeManager
1475855030260	addons.manager	DEBUG	Calling shutdown blocker for GMPProvider
1475855030262	addons.manager	DEBUG	Calling shutdown blocker for PluginProvider
1475855030262	addons.manager	DEBUG	Calling shutdown blocker for <unnamed-provider>
1475855030263	addons.manager	DEBUG	Calling shutdown blocker for PreviousExperimentProvider
1475855030266	addons.xpi	DEBUG	Notifying XPI shutdown observers
1475855030268	addons.manager	DEBUG	Async provider shutdown done
